MidiBtlePairing/build/intermediates/manifest_merge_blame_file/debug/manifest-merger-blame-debug-report.txt
1<?xml version="1.0" encoding="utf-8"?>
2<manifest xmlns:android="http://schemas.android.com/apk/res/android"
3    package="com.mobileer.example.midibtlepairing"
4    android:versionCode="2"
5    android:versionName="1.1" >
6
7    <uses-sdk
8        android:minSdkVersion="23"
8-->src/main/AndroidManifest.xml
9        android:targetSdkVersion="29" />
9-->src/main/AndroidManifest.xml
10
11    <uses-feature
11-->src/main/AndroidManifest.xml:4:5-6:36
12        android:name="android.software.leanback"
12-->src/main/AndroidManifest.xml:5:9-49
13        android:required="false" />
13-->src/main/AndroidManifest.xml:6:9-33
14    <uses-feature
14-->src/main/AndroidManifest.xml:7:5-89
15        android:name="android.hardware.bluetooth_le"
15-->src/main/AndroidManifest.xml:7:19-63
16        android:required="true" />
16-->src/main/AndroidManifest.xml:7:64-87
17    <uses-feature
17-->src/main/AndroidManifest.xml:8:5-81
18        android:name="android.software.midi"
18-->src/main/AndroidManifest.xml:8:19-55
19        android:required="true" />
19-->src/main/AndroidManifest.xml:8:56-79
20
21    <uses-permission android:name="android.permission.BLUETOOTH" />
21-->src/main/AndroidManifest.xml:10:5-67
21-->src/main/AndroidManifest.xml:10:22-65
22    <uses-permission android:name="android.permission.BLUETOOTH_ADMIN" />
22-->src/main/AndroidManifest.xml:11:5-73
22-->src/main/AndroidManifest.xml:11:22-71
23    <uses-permission android:name="android.permission.ACCESS_COARSE_LOCATION" />
23-->src/main/AndroidManifest.xml:12:5-80
23-->src/main/AndroidManifest.xml:12:22-78
24
25    <application
25-->src/main/AndroidManifest.xml:14:5-29:19
26        android:allowBackup="true"
26-->src/main/AndroidManifest.xml:15:9-35
27        android:appComponentFactory="androidx.core.app.CoreComponentFactory"
27-->[androidx.core:core:1.1.0] AndroidManifest.xml:24:18-86
28        android:debuggable="true"
29        android:icon="@mipmap/ic_launcher" >
29-->src/main/AndroidManifest.xml:16:9-43
30        <activity
30-->src/main/AndroidManifest.xml:17:9-24:20
31            android:name="com.mobileer.example.midibtlepairing.MainActivity"
31-->src/main/AndroidManifest.xml:17:19-83
32            android:label="MIDI+BTLE" >
32-->src/main/AndroidManifest.xml:17:84-109
33            <intent-filter>
33-->src/main/AndroidManifest.xml:18:13-23:29
34                <action android:name="android.intent.action.MAIN" />
34-->src/main/AndroidManifest.xml:19:17-69
34-->src/main/AndroidManifest.xml:19:25-66
35
36                <category android:name="android.intent.category.DEFAULT" />
36-->src/main/AndroidManifest.xml:20:17-76
36-->src/main/AndroidManifest.xml:20:27-73
37                <category android:name="android.intent.category.LAUNCHER" />
37-->src/main/AndroidManifest.xml:21:17-77
37-->src/main/AndroidManifest.xml:21:27-74
38                <category android:name="android.intent.category.LEANBACK_LAUNCHER" />
38-->src/main/AndroidManifest.xml:22:17-86
38-->src/main/AndroidManifest.xml:22:27-83
39            </intent-filter>
40        </activity>
41        <activity
41-->src/main/AndroidManifest.xml:26:9-27:50
42            android:name="com.mobileer.example.midibtlepairing.DeviceScanActivity"
42-->src/main/AndroidManifest.xml:26:19-89
43            android:label="@string/app_name" />
43-->src/main/AndroidManifest.xml:27:15-47
44    </application>
45
46</manifest>